[2017-08-06 21:46:11] Error: GetProperties with message: The key headers have a problem when this set in the setVariables, the value setting is X-Powered-By: PHP/5.6.25 . 
[2017-08-06 21:46:11] Error: GetProperties with message: Others problem in settings during build system requirement its device with setting value Mozilla/5.0 (Windows NT 10.0; Win64; x64) AppleWebKit/537.36 (KHTML, like Gecko) Chrome/59.0.3071.115 Safari/537.36 
[2017-08-06 21:46:11] Error: GetProperties with message: Others problem in settings during build system requirement its client with setting value rest.loopzone:8081 
[2017-08-06 21:46:11] Error: GetProperties with message: Others problem in settings during build system requirement its method with setting value GET 
[2017-08-06 21:50:18] Error: GetProperties with message: The key headers have a problem when this set in the setVariables, the value setting is X-Powered-By: PHP/5.6.25 . 
[2017-08-06 21:50:18] Error: GetProperties with message: Others problem in settings during build system requirement its device with setting value Mozilla/5.0 (Windows NT 10.0; Win64; x64) AppleWebKit/537.36 (KHTML, like Gecko) Chrome/59.0.3071.115 Safari/537.36 
[2017-08-06 21:50:18] Error: GetProperties with message: Others problem in settings during build system requirement its client with setting value rest.loopzone:8081 
[2017-08-06 21:50:18] Error: GetProperties with message: Others problem in settings during build system requirement its method with setting value GET 
[2017-08-06 22:07:55] Error: GetProperties with message: The key headers have a problem when this set in the setVariables, the value setting is X-Powered-By: PHP/5.6.25 . 
[2017-08-06 22:07:55] Error: GetProperties with message: Others problem in settings during build system requirement its device with setting value Mozilla/5.0 (Windows NT 10.0; Win64; x64) AppleWebKit/537.36 (KHTML, like Gecko) Chrome/59.0.3071.115 Safari/537.36 
[2017-08-06 22:07:55] Error: GetProperties with message: Others problem in settings during build system requirement its client with setting value rest.loopzone:8081 
[2017-08-06 22:07:55] Error: GetProperties with message: Others problem in settings during build system requirement its method with setting value GET 
[2017-08-06 22:10:43] Error: GetProperties with message: The key headers have a problem when this set in the setVariables, the value setting is X-Powered-By: PHP/5.6.25 . 
[2017-08-06 22:10:43] Error: GetProperties with message: Others problem in settings during build system requirement its device with setting value Mozilla/5.0 (Windows NT 10.0; Win64; x64) AppleWebKit/537.36 (KHTML, like Gecko) Chrome/59.0.3071.115 Safari/537.36 
[2017-08-06 22:10:43] Error: GetProperties with message: Others problem in settings during build system requirement its client with setting value rest.loopzone:8081 
[2017-08-06 22:10:43] Error: GetProperties with message: Others problem in settings during build system requirement its method with setting value GET 
[2017-08-06 22:15:41] Error: GetProperties with message: The key headers have a problem when this set in the setVariables, the value setting is X-Powered-By: PHP/5.6.25 . 
[2017-08-06 22:15:41] Error: GetProperties with message: Others problem in settings during build system requirement its device with setting value Mozilla/5.0 (Windows NT 10.0; Win64; x64) AppleWebKit/537.36 (KHTML, like Gecko) Chrome/59.0.3071.115 Safari/537.36 
[2017-08-06 22:15:41] Error: GetProperties with message: Others problem in settings during build system requirement its client with setting value rest.loopzone:8081 
[2017-08-06 22:15:41] Error: GetProperties with message: Others problem in settings during build system requirement its method with setting value GET 
[2017-08-06 22:20:14] Error: GetProperties with message: The key headers have a problem when this set in the setVariables, the value setting is X-Powered-By: PHP/5.6.25 . 
[2017-08-06 22:20:14] Error: GetProperties with message: Others problem in settings during build system requirement its device with setting value Mozilla/5.0 (Windows NT 10.0; Win64; x64) AppleWebKit/537.36 (KHTML, like Gecko) Chrome/59.0.3071.115 Safari/537.36 
[2017-08-06 22:20:14] Error: GetProperties with message: Others problem in settings during build system requirement its client with setting value rest.loopzone:8081 
[2017-08-06 22:20:14] Error: GetProperties with message: Others problem in settings during build system requirement its method with setting value GET 
[2017-08-06 22:21:41] Error: GetProperties with message: The key headers have a problem when this set in the setVariables, the value setting is X-Powered-By: PHP/5.6.25 . 
[2017-08-06 22:21:41] Error: GetProperties with message: Others problem in settings during build system requirement its device with setting value Mozilla/5.0 (Windows NT 10.0; Win64; x64) AppleWebKit/537.36 (KHTML, like Gecko) Chrome/59.0.3071.115 Safari/537.36 
[2017-08-06 22:21:41] Error: GetProperties with message: Others problem in settings during build system requirement its client with setting value rest.loopzone:8081 
[2017-08-06 22:21:41] Error: GetProperties with message: Others problem in settings during build system requirement its method with setting value GET 
[2017-09-13 03:04:18] Error: GetProperties with message:  
[2017-09-13 03:04:18] Error: GetProperties with message: Others problem in settings during build system requirement its headers with setting value X-Powered-By: PHP/5.6.25  
[2017-09-13 03:05:05] Error: GetProperties with message:  
[2017-09-13 03:05:05] Error: GetProperties with message: Others problem in settings during build system requirement its headers with setting value X-Powered-By: PHP/5.6.25  
[2017-09-13 03:15:31] Error: GetProperties with message:  
[2017-09-13 03:15:31] Error: GetProperties with message: Others problem in settings during build system requirement its headers with setting value X-Powered-By: PHP/5.6.25  
[2017-09-15 04:41:43] Error: GetProperties with message:  
[2017-09-15 04:41:43] Error: GetProperties with message: Others problem in settings during build system requirement its headers with setting value X-Powered-By: PHP/5.6.25  
[2017-09-15 16:55:03] Error: GetProperties with message:  
[2017-09-15 16:55:03] Error: GetProperties with message: Others problem in settings during build system requirement its headers with setting value X-Powered-By: PHP/5.6.25  
